# JRE version: OpenJDK Runtime Environment Temurin-17.0.4.1+1 (17.0.4.1+1) (build 17.0.4.1+1)
# Java VM: OpenJDK 64-Bit Server VM Temurin-17.0.4.1+1 (17.0.4.1+1, mixed mode, tiered, compressed oops, compressed class ptrs, parallel gc, windows-amd64)
GC Precious Log:
 CPUs: 8 total, 8 available
 Memory: 8140M
 Large Page Support: Disabled
 NUMA Support: Disabled
 Compressed Oops: Enabled (32-bit)
 Alignments: Space 512K, Generation 512K, Heap 2M
 Heap Min Capacity: 100M
 Heap Initial Capacity: 100M
 Heap Max Capacity: 1G
 Pre-touch: Disabled
 Parallel Workers: 8
Heap:
 PSYoungGen      total 3584K, used 790K [0x00000000eab00000, 0x00000000eb000000, 0x0000000100000000)
  eden space 3072K, 25% used [0x00000000eab00000,0x00000000eabc5990,0x00000000eae00000)
  from space 512K, 0% used [0x00000000eae80000,0x00000000eae80000,0x00000000eaf00000)
  to   space 1024K, 0% used [0x00000000eaf00000,0x00000000eaf00000,0x00000000eb000000)
 ParOldGen       total 99840K, used 73887K [0x00000000c0000000, 0x00000000c6180000, 0x00000000eab00000)
  object space 99840K, 74% used [0x00000000c0000000,0x00000000c4827e30,0x00000000c6180000)
 Metaspace       used 85456K, committed 86528K, reserved 1130496K
  class space    used 8425K, committed 8896K, reserved 1048576K
GC Heap History (20 events):
Event: 5902.520 GC heap before
{Heap before GC invocations=7729 (full 176):
 PSYoungGen      total 4096K, used 3680K [0x00000000eab00000, 0x00000000eb000000, 0x0000000100000000)
  eden space 3072K, 100% used [0x00000000eab00000,0x00000000eae00000,0x00000000eae00000)
  from space 1024K, 59% used [0x00000000eae00000,0x00000000eae98000,0x00000000eaf00000)
  to   space 1024K, 0% used [0x00000000eaf00000,0x00000000eaf00000,0x00000000eb000000)
 ParOldGen       total 101888K, used 100639K [0x00000000c0000000, 0x00000000c6380000, 0x00000000eab00000)
  object space 101888K, 98% used [0x00000000c0000000,0x00000000c6247c98,0x00000000c6380000)
 Metaspace       used 85520K, committed 86528K, reserved 1130496K
  class space    used 8438K, committed 8896K, reserved 1048576K
}
Event: 5902.521 GC heap after
{Heap after GC invocations=7729 (full 176):
 PSYoungGen      total 3584K, used 416K [0x00000000eab00000, 0x00000000eaf80000, 0x0000000100000000)
  eden space 3072K, 0% used [0x00000000eab00000,0x00000000eab00000,0x00000000eae00000)
  from space 512K, 81% used [0x00000000eaf00000,0x00000000eaf68000,0x00000000eaf80000)
  to   space 512K, 0% used [0x00000000eae80000,0x00000000eae80000,0x00000000eaf00000)
 ParOldGen       total 101888K, used 100639K [0x00000000c0000000, 0x00000000c6380000, 0x00000000eab00000)
  object space 101888K, 98% used [0x00000000c0000000,0x00000000c6247c98,0x00000000c6380000)
 Metaspace       used 85520K, committed 86528K, reserved 1130496K
  class space    used 8438K, committed 8896K, reserved 1048576K
}
Event: 5902.854 GC heap before
{Heap before GC invocations=7730 (full 176):
 PSYoungGen      total 3584K, used 3488K [0x00000000eab00000, 0x00000000eaf80000, 0x0000000100000000)
  eden space 3072K, 100% used [0x00000000eab00000,0x00000000eae00000,0x00000000eae00000)
  from space 512K, 81% used [0x00000000eaf00000,0x00000000eaf68000,0x00000000eaf80000)
  to   space 512K, 0% used [0x00000000eae80000,0x00000000eae80000,0x00000000eaf00000)
 ParOldGen       total 101888K, used 100639K [0x00000000c0000000, 0x00000000c6380000, 0x00000000eab00000)
  object space 101888K, 98% used [0x00000000c0000000,0x00000000c6247c98,0x00000000c6380000)
 Metaspace       used 85520K, committed 86528K, reserved 1130496K
  class space    used 8438K, committed 8896K, reserved 1048576K
}
Event: 5902.855 GC heap after
{Heap after GC invocations=7730 (full 176):
 PSYoungGen      total 3584K, used 400K [0x00000000eab00000, 0x00000000eaf80000, 0x0000000100000000)
  eden space 3072K, 0% used [0x00000000eab00000,0x00000000eab00000,0x00000000eae00000)
  from space 512K, 78% used [0x00000000eae80000,0x00000000eaee4010,0x00000000eaf00000)
  to   space 512K, 0% used [0x00000000eaf00000,0x00000000eaf00000,0x00000000eaf80000)
 ParOldGen       total 101888K, used 100639K [0x00000000c0000000, 0x00000000c6380000, 0x00000000eab00000)
  object space 101888K, 98% used [0x00000000c0000000,0x00000000c6247c98,0x00000000c6380000)
 Metaspace       used 85520K, committed 86528K, reserved 1130496K
  class space    used 8438K, committed 8896K, reserved 1048576K
}
Event: 5903.149 GC heap before
{Heap before GC invocations=7731 (full 176):
 PSYoungGen      total 3584K, used 3472K [0x00000000eab00000, 0x00000000eaf80000, 0x0000000100000000)
  eden space 3072K, 100% used [0x00000000eab00000,0x00000000eae00000,0x00000000eae00000)
  from space 512K, 78% used [0x00000000eae80000,0x00000000eaee4010,0x00000000eaf00000)
  to   space 512K, 0% used [0x00000000eaf00000,0x00000000eaf00000,0x00000000eaf80000)
 ParOldGen       total 101888K, used 100639K [0x00000000c0000000, 0x00000000c6380000, 0x00000000eab00000)
  object space 101888K, 98% used [0x00000000c0000000,0x00000000c6247c98,0x00000000c6380000)
 Metaspace       used 85520K, committed 86528K, reserved 1130496K
  class space    used 8438K, committed 8896K, reserved 1048576K
}
Event: 5903.149 GC heap after
{Heap after GC invocations=7731 (full 176):
 PSYoungGen      total 3584K, used 224K [0x00000000eab00000, 0x00000000eaf80000, 0x0000000100000000)
  eden space 3072K, 0% used [0x00000000eab00000,0x00000000eab00000,0x00000000eae00000)
  from space 512K, 43% used [0x00000000eaf00000,0x00000000eaf38000,0x00000000eaf80000)
  to   space 512K, 0% used [0x00000000eae80000,0x00000000eae80000,0x00000000eaf00000)
 ParOldGen       total 101888K, used 100639K [0x00000000c0000000, 0x00000000c6380000, 0x00000000eab00000)
  object space 101888K, 98% used [0x00000000c0000000,0x00000000c6247c98,0x00000000c6380000)
 Metaspace       used 85520K, committed 86528K, reserved 1130496K
  class space    used 8438K, committed 8896K, reserved 1048576K
}
Event: 5903.351 GC heap before
{Heap before GC invocations=7732 (full 176):
 PSYoungGen      total 3584K, used 3296K [0x00000000eab00000, 0x00000000eaf80000, 0x0000000100000000)
  eden space 3072K, 100% used [0x00000000eab00000,0x00000000eae00000,0x00000000eae00000)
  from space 512K, 43% used [0x00000000eaf00000,0x00000000eaf38000,0x00000000eaf80000)
  to   space 512K, 0% used [0x00000000eae80000,0x00000000eae80000,0x00000000eaf00000)
 ParOldGen       total 101888K, used 100639K [0x00000000c0000000, 0x00000000c6380000, 0x00000000eab00000)
  object space 101888K, 98% used [0x00000000c0000000,0x00000000c6247c98,0x00000000c6380000)
 Metaspace       used 85520K, committed 86528K, reserved 1130496K
  class space    used 8438K, committed 8896K, reserved 1048576K
}
Event: 5903.352 GC heap after
{Heap after GC invocations=7732 (full 176):
 PSYoungGen      total 3584K, used 512K [0x00000000eab00000, 0x00000000eb000000, 0x0000000100000000)
  eden space 3072K, 0% used [0x00000000eab00000,0x00000000eab00000,0x00000000eae00000)
  from space 512K, 100% used [0x00000000eae80000,0x00000000eaf00000,0x00000000eaf00000)
  to   space 1024K, 0% used [0x00000000eaf00000,0x00000000eaf00000,0x00000000eb000000)
 ParOldGen       total 101888K, used 100830K [0x00000000c0000000, 0x00000000c6380000, 0x00000000eab00000)
  object space 101888K, 98% used [0x00000000c0000000,0x00000000c6277be0,0x00000000c6380000)
 Metaspace       used 85520K, committed 86528K, reserved 1130496K
  class space    used 8438K, committed 8896K, reserved 1048576K
}
Event: 5903.509 GC heap before
{Heap before GC invocations=7733 (full 176):
 PSYoungGen      total 3584K, used 3584K [0x00000000eab00000, 0x00000000eb000000, 0x0000000100000000)
  eden space 3072K, 100% used [0x00000000eab00000,0x00000000eae00000,0x00000000eae00000)
  from space 512K, 100% used [0x00000000eae80000,0x00000000eaf00000,0x00000000eaf00000)
  to   space 1024K, 0% used [0x00000000eaf00000,0x00000000eaf00000,0x00000000eb000000)
 ParOldGen       total 101888K, used 100830K [0x00000000c0000000, 0x00000000c6380000, 0x00000000eab00000)
  object space 101888K, 98% used [0x00000000c0000000,0x00000000c6277be0,0x00000000c6380000)
 Metaspace       used 85520K, committed 86528K, reserved 1130496K
  class space    used 8438K, committed 8896K, reserved 1048576K
}
Event: 5903.510 GC heap after
{Heap after GC invocations=7733 (full 176):
 PSYoungGen      total 4096K, used 864K [0x00000000eab00000, 0x00000000eb000000, 0x0000000100000000)
  eden space 3072K, 0% used [0x00000000eab00000,0x00000000eab00000,0x00000000eae00000)
  from space 1024K, 84% used [0x00000000eaf00000,0x00000000eafd8000,0x00000000eb000000)
  to   space 1024K, 0% used [0x00000000eae00000,0x00000000eae00000,0x00000000eaf00000)
 ParOldGen       total 101888K, used 100846K [0x00000000c0000000, 0x00000000c6380000, 0x00000000eab00000)
  object space 101888K, 98% used [0x00000000c0000000,0x00000000c627bbe0,0x00000000c6380000)
 Metaspace       used 85520K, committed 86528K, reserved 1130496K
  class space    used 8438K, committed 8896K, reserved 1048576K
}
Event: 5903.669 GC heap before
{Heap before GC invocations=7734 (full 176):
 PSYoungGen      total 4096K, used 3936K [0x00000000eab00000, 0x00000000eb000000, 0x0000000100000000)
  eden space 3072K, 100% used [0x00000000eab00000,0x00000000eae00000,0x00000000eae00000)
  from space 1024K, 84% used [0x00000000eaf00000,0x00000000eafd8000,0x00000000eb000000)
  to   space 1024K, 0% used [0x00000000eae00000,0x00000000eae00000,0x00000000eaf00000)
 ParOldGen       total 101888K, used 100846K [0x00000000c0000000, 0x00000000c6380000, 0x00000000eab00000)
  object space 101888K, 98% used [0x00000000c0000000,0x00000000c627bbe0,0x00000000c6380000)
 Metaspace       used 85520K, committed 86528K, reserved 1130496K
  class space    used 8438K, committed 8896K, reserved 1048576K
}
Event: 5903.671 GC heap after
{Heap after GC invocations=7734 (full 176):
 PSYoungGen      total 4096K, used 1008K [0x00000000eab00000, 0x00000000eb100000, 0x0000000100000000)
  eden space 3072K, 0% used [0x00000000eab00000,0x00000000eab00000,0x00000000eae00000)
  from space 1024K, 98% used [0x00000000eae00000,0x00000000eaefc010,0x00000000eaf00000)
  to   space 1536K, 0% used [0x00000000eaf80000,0x00000000eaf80000,0x00000000eb100000)
 ParOldGen       total 101888K, used 101113K [0x00000000c0000000, 0x00000000c6380000, 0x00000000eab00000)
  object space 101888K, 99% used [0x00000000c0000000,0x00000000c62be530,0x00000000c6380000)
 Metaspace       used 85520K, committed 86528K, reserved 1130496K
  class space    used 8438K, committed 8896K, reserved 1048576K
}
Event: 5903.689 GC heap before
{Heap before GC invocations=7735 (full 176):
 PSYoungGen      total 4096K, used 4080K [0x00000000eab00000, 0x00000000eb100000, 0x0000000100000000)
  eden space 3072K, 100% used [0x00000000eab00000,0x00000000eae00000,0x00000000eae00000)
  from space 1024K, 98% used [0x00000000eae00000,0x00000000eaefc010,0x00000000eaf00000)
  to   space 1536K, 0% used [0x00000000eaf80000,0x00000000eaf80000,0x00000000eb100000)
 ParOldGen       total 101888K, used 101113K [0x00000000c0000000, 0x00000000c6380000, 0x00000000eab00000)
  object space 101888K, 99% used [0x00000000c0000000,0x00000000c62be530,0x00000000c6380000)
 Metaspace       used 85520K, committed 86528K, reserved 1130496K
  class space    used 8438K, committed 8896K, reserved 1048576K
}
Event: 5903.691 GC heap after
{Heap after GC invocations=7735 (full 176):
 PSYoungGen      total 4608K, used 1088K [0x00000000eab00000, 0x00000000eb100000, 0x0000000100000000)
  eden space 3072K, 0% used [0x00000000eab00000,0x00000000eab00000,0x00000000eae00000)
  from space 1536K, 70% used [0x00000000eaf80000,0x00000000eb090000,0x00000000eb100000)
  to   space 1536K, 0% used [0x00000000eae00000,0x00000000eae00000,0x00000000eaf80000)
 ParOldGen       total 101888K, used 101137K [0x00000000c0000000, 0x00000000c6380000, 0x00000000eab00000)
  object space 101888K, 99% used [0x00000000c0000000,0x00000000c62c4530,0x00000000c6380000)
 Metaspace       used 85520K, committed 86528K, reserved 1130496K
  class space    used 8438K, committed 8896K, reserved 1048576K
}
Event: 5903.708 GC heap before
{Heap before GC invocations=7736 (full 176):
 PSYoungGen      total 4608K, used 4160K [0x00000000eab00000, 0x00000000eb100000, 0x0000000100000000)
  eden space 3072K, 100% used [0x00000000eab00000,0x00000000eae00000,0x00000000eae00000)
  from space 1536K, 70% used [0x00000000eaf80000,0x00000000eb090000,0x00000000eb100000)
  to   space 1536K, 0% used [0x00000000eae00000,0x00000000eae00000,0x00000000eaf80000)
 ParOldGen       total 101888K, used 101137K [0x00000000c0000000, 0x00000000c6380000, 0x00000000eab00000)
  object space 101888K, 99% used [0x00000000c0000000,0x00000000c62c4530,0x00000000c6380000)
 Metaspace       used 85520K, committed 86528K, reserved 1130496K
  class space    used 8438K, committed 8896K, reserved 1048576K
}
Event: 5903.709 GC heap after
{Heap after GC invocations=7736 (full 176):
 PSYoungGen      total 4608K, used 1184K [0x00000000eab00000, 0x00000000eb100000, 0x0000000100000000)
  eden space 3072K, 0% used [0x00000000eab00000,0x00000000eab00000,0x00000000eae00000)
  from space 1536K, 77% used [0x00000000eae00000,0x00000000eaf28000,0x00000000eaf80000)
  to   space 1536K, 0% used [0x00000000eaf80000,0x00000000eaf80000,0x00000000eb100000)
 ParOldGen       total 101888K, used 101137K [0x00000000c0000000, 0x00000000c6380000, 0x00000000eab00000)
  object space 101888K, 99% used [0x00000000c0000000,0x00000000c62c4530,0x00000000c6380000)
 Metaspace       used 85520K, committed 86528K, reserved 1130496K
  class space    used 8438K, committed 8896K, reserved 1048576K
}
Event: 5903.729 GC heap before
{Heap before GC invocations=7737 (full 176):
 PSYoungGen      total 4608K, used 4256K [0x00000000eab00000, 0x00000000eb100000, 0x0000000100000000)
  eden space 3072K, 100% used [0x00000000eab00000,0x00000000eae00000,0x00000000eae00000)
  from space 1536K, 77% used [0x00000000eae00000,0x00000000eaf28000,0x00000000eaf80000)
  to   space 1536K, 0% used [0x00000000eaf80000,0x00000000eaf80000,0x00000000eb100000)
 ParOldGen       total 101888K, used 101137K [0x00000000c0000000, 0x00000000c6380000, 0x00000000eab00000)
  object space 101888K, 99% used [0x00000000c0000000,0x00000000c62c4530,0x00000000c6380000)
 Metaspace       used 85520K, committed 86528K, reserved 1130496K
  class space    used 8438K, committed 8896K, reserved 1048576K
}
Event: 5903.730 GC heap after
{Heap after GC invocations=7737 (full 176):
 PSYoungGen      total 4096K, used 704K [0x00000000eab00000, 0x00000000eb080000, 0x0000000100000000)
  eden space 3072K, 0% used [0x00000000eab00000,0x00000000eab00000,0x00000000eae00000)
  from space 1024K, 68% used [0x00000000eaf80000,0x00000000eb030000,0x00000000eb080000)
  to   space 1024K, 0% used [0x00000000eae80000,0x00000000eae80000,0x00000000eaf80000)
 ParOldGen       total 101888K, used 101547K [0x00000000c0000000, 0x00000000c6380000, 0x00000000eab00000)
  object space 101888K, 99% used [0x00000000c0000000,0x00000000c632ad90,0x00000000c6380000)
 Metaspace       used 85520K, committed 86528K, reserved 1130496K
  class space    used 8438K, committed 8896K, reserved 1048576K
}
Event: 5903.730 GC heap before
{Heap before GC invocations=7738 (full 177):
 PSYoungGen      total 4096K, used 704K [0x00000000eab00000, 0x00000000eb080000, 0x0000000100000000)
  eden space 3072K, 0% used [0x00000000eab00000,0x00000000eab00000,0x00000000eae00000)
  from space 1024K, 68% used [0x00000000eaf80000,0x00000000eb030000,0x00000000eb080000)
  to   space 1024K, 0% used [0x00000000eae80000,0x00000000eae80000,0x00000000eaf80000)
 ParOldGen       total 101888K, used 101547K [0x00000000c0000000, 0x00000000c6380000, 0x00000000eab00000)
  object space 101888K, 99% used [0x00000000c0000000,0x00000000c632ad90,0x00000000c6380000)
 Metaspace       used 85520K, committed 86528K, reserved 1130496K
  class space    used 8438K, committed 8896K, reserved 1048576K
}
Event: 5903.871 GC heap after
{Heap after GC invocations=7738 (full 177):
 PSYoungGen      total 3584K, used 0K [0x00000000eab00000, 0x00000000eb000000, 0x0000000100000000)
  eden space 3072K, 0% used [0x00000000eab00000,0x00000000eab00000,0x00000000eae00000)
  from space 512K, 0% used [0x00000000eae80000,0x00000000eae80000,0x00000000eaf00000)
  to   space 1024K, 0% used [0x00000000eaf00000,0x00000000eaf00000,0x00000000eb000000)
 ParOldGen       total 99840K, used 73887K [0x00000000c0000000, 0x00000000c6180000, 0x00000000eab00000)
  object space 99840K, 74% used [0x00000000c0000000,0x00000000c4827e30,0x00000000c6180000)
 Metaspace       used 85456K, committed 86528K, reserved 1130496K
  class space    used 8425K, committed 8896K, reserved 1048576K
}

